[2023-06-06 02:59:12] [1] [WARN] Reporting disabled: using no op test run registrar
[2023-06-06 02:59:12] [1] [INFO] TEST [gha_java_test - successfulLoginTest] STARTED at [17:59:12 2023-06-06]
[2023-06-06 02:59:12] [1] [ERROR] TEST [gha_java_test - successfulLoginTest] FAILED at [17:59:12 2023-06-06] - org/openqa/selenium/chromium/ChromiumOptions

com.qaprosoft.carina.core.foundation.webdriver.core.factory.DriverFactory.create(DriverFactory.java:70)
com.qaprosoft.carina.core.foundation.webdriver.IDriverPool.createDriver(IDriverPool.java:401)
com.qaprosoft.carina.core.foundation.webdriver.IDriverPool.getDriver(IDriverPool.java:124)
com.qaprosoft.carina.core.foundation.webdriver.IDriverPool.getDriver(IDriverPool.java:84)
com.qaprosoft.carina.core.foundation.webdriver.IDriverPool.getDriver(IDriverPool.java:72)
com.solvd.spa.gui_tests.LoginTest.successfulLoginTest(LoginTest.java:18)
java.base/jdk.internal.reflect.NativeMethodAccessorImpl.invoke0(Native Method)
java.base/jdk.internal.reflect.NativeMethodAccessorImpl.invoke(NativeMethodAccessorImpl.java:62)
java.base/jdk.internal.reflect.DelegatingMethodAccessorImpl.invoke(DelegatingMethodAccessorImpl.java:43)
java.base/java.lang.reflect.Method.invoke(Method.java:566)
org.testng.internal.invokers.MethodInvocationHelper.invokeMethod(MethodInvocationHelper.java:139)
org.testng.internal.invokers.TestInvoker.invokeMethod(TestInvoker.java:677)
org.testng.internal.invokers.TestInvoker.invokeTestMethod(TestInvoker.java:221)
org.testng.internal.invokers.MethodRunner.runInSequence(MethodRunner.java:50)
org.testng.internal.invokers.TestInvoker$MethodInvocationAgent.invoke(TestInvoker.java:962)
org.testng.internal.invokers.TestInvoker.invokeTestMethods(TestInvoker.java:194)
org.testng.internal.invokers.TestMethodWorker.invokeTestMethods(TestMethodWorker.java:148)
org.testng.internal.invokers.TestMethodWorker.run(TestMethodWorker.java:128)
java.base/java.util.ArrayList.forEach(ArrayList.java:1541)
org.testng.TestRunner.privateRun(TestRunner.java:806)
org.testng.TestRunner.run(TestRunner.java:601)
org.testng.SuiteRunner.runTest(SuiteRunner.java:433)
org.testng.SuiteRunner.runSequentially(SuiteRunner.java:427)
org.testng.SuiteRunner.privateRun(SuiteRunner.java:387)
org.testng.SuiteRunner.run(SuiteRunner.java:330)
org.testng.SuiteRunnerWorker.runSuite(SuiteRunnerWorker.java:52)
org.testng.SuiteRunnerWorker.run(SuiteRunnerWorker.java:95)
org.testng.TestNG.runSuitesSequentially(TestNG.java:1256)
org.testng.TestNG.runSuitesLocally(TestNG.java:1176)
org.testng.TestNG.runSuites(TestNG.java:1099)
org.testng.TestNG.run(TestNG.java:1067)
com.intellij.rt.testng.IDEARemoteTestNG.run(IDEARemoteTestNG.java:66)
com.intellij.rt.testng.RemoteTestNGStarter.main(RemoteTestNGStarter.java:105)
